Build started 3/8/2013 12:45:16 AM.
     1>Project "C:\Documents and Settings\yakub\My Documents\Visual Studio 2010\Projects\33\33\33.vcxproj" on node 2 (build target(s)).
     1>InitializeBuildStatus:
         Creating "Debug\33.unsuccessfulbuild" because "AlwaysCreate" was specified.
       ClCompile:
         c:\Program Files\Microsoft Visual Studio 10.0\VC\bin\CL.exe /c /ZI /nologo /W3 /WX- /Od /Oy- /D WIN32 /D _DEBUG /D _CONSOLE /D _UNICODE /D UNICODE /Gm /EHsc /RTC1 /MDd /GS /fp:precise /Zc:wchar_t /Zc:forScope /Fo"Debug\\" /Fd"Debug\vc100.pdb" /Gd /TP /analyze- /errorReport:prompt ModelLoader.cpp
         ModelLoader.cpp
     1>c:\documents and settings\yakub\my documents\visual studio 2010\projects\33\33\modelloader.cpp(22): warning C4996: 'fopen': This function or variable may be unsafe. Consider using fopen_s instead. To disable deprecation, use _CRT_SECURE_NO_WARNINGS. See online help for details.
                 c:\program files\microsoft visual studio 10.0\vc\include\stdio.h(234) : see declaration of 'fopen'
     1>c:\documents and settings\yakub\my documents\visual studio 2010\projects\33\33\modelloader.cpp(46): warning C4996: 'strcpy': This function or variable may be unsafe. Consider using strcpy_s instead. To disable deprecation, use _CRT_SECURE_NO_WARNINGS. See online help for details.
                 c:\program files\microsoft visual studio 10.0\vc\include\string.h(105) : see declaration of 'strcpy'
     1>c:\documents and settings\yakub\my documents\visual studio 2010\projects\33\33\modelloader.cpp(362): warning C4018: '<' : signed/unsigned mismatch
       ManifestResourceCompile:
         All outputs are up-to-date.
       Link:
         c:\Program Files\Microsoft Visual Studio 10.0\VC\bin\link.exe /ERRORREPORT:PROMPT /OUT:"C:\Documents and Settings\yakub\My Documents\Visual Studio 2010\Projects\33\Debug\33.exe" /INCREMENTAL /NOLOGO kernel32.lib user32.lib gdi32.lib winspool.lib comdlg32.lib advapi32.lib shell32.lib ole32.lib oleaut32.lib uuid.lib odbc32.lib odbccp32.lib /MANIFEST /ManifestFile:"Debug\33.exe.intermediate.manifest" /MANIFESTUAC:"level='asInvoker' uiAccess='false'" /DEBUG /PDB:"C:\Documents and Settings\yakub\My Documents\Visual Studio 2010\Projects\33\Debug\33.pdb" /SUBSYSTEM:CONSOLE /TLBID:1 /DYNAMICBASE /NXCOMPAT /IMPLIB:"C:\Documents and Settings\yakub\My Documents\Visual Studio 2010\Projects\33\Debug\33.lib" /MACHINE:X86 Debug\33.exe.embed.manifest.res
         Debug\ModelLoader.obj
       Manifest:
         C:\Program Files\Microsoft SDKs\Windows\v7.0A\bin\mt.exe /nologo /verbose /out:"Debug\33.exe.embed.manifest" /manifest Debug\33.exe.intermediate.manifest
         All outputs are up-to-date.
       LinkEmbedManifest:
         All outputs are up-to-date.
         33.vcxproj -> C:\Documents and Settings\yakub\My Documents\Visual Studio 2010\Projects\33\Debug\33.exe
       FinalizeBuildStatus:
         Deleting file "Debug\33.unsuccessfulbuild".
         Touching "Debug\33.lastbuildstate".
     1>Done Building Project "C:\Documents and Settings\yakub\My Documents\Visual Studio 2010\Projects\33\33\33.vcxproj" (build target(s)).

Build succeeded.

Time Elapsed 00:00:10.10
